<?xml version="1.0" encoding="UTF-8"?>
<!-- Generated by org.testng.reporters.JUnitReportReporter -->
<testsuite hostname="Pauls-MacBook-Pro.local" name="VideoPlayerTest" tests="1" failures="0" timestamp="12 Oct 2015 04:49:47 GMT" time="0.001" errors="0">
  <testcase name="test" time="0.001" classname="VideoPlayerTest"/>
</testsuite>
